{"C:\\Users\\akkati_sreeja\\Desktop\\TR-S1\\travel-final\\setupTests.ts": {"path":"C:\\Users\\akkati_sreeja\\Desktop\\TR-S1\\travel-final\\setupTests.ts","all":true,"statementMap":{},"s":{},"branchMap":{"0":{"type":"branch","line":1,"loc":{"start":{"line":1,"column":60},"end":{"line":2,"column":38}},"locations":[{"start":{"line":1,"column":60},"end":{"line":2,"column":38}}]}},"b":{"0":[1]},"fnMap":{"0":{"name":"(empty-report)","decl":{"start":{"line":1,"column":60},"end":{"line":2,"column":38}},"loc":{"start":{"line":1,"column":60},"end":{"line":2,"column":38}},"line":1}},"f":{"0":1}}
,"C:\\Users\\akkati_sreeja\\Desktop\\TR-S1\\travel-final\\src\\App.tsx": {"path":"C:\\Users\\akkati_sreeja\\Desktop\\TR-S1\\travel-final\\src\\App.tsx","all":false,"statementMap":{"0":{"start":{"line":1,"column":0},"end":{"line":1,"column":14}},"4":{"start":{"line":5,"column":0},"end":{"line":5,"column":49}},"5":{"start":{"line":6,"column":0},"end":{"line":6,"column":85}},"6":{"start":{"line":7,"column":0},"end":{"line":7,"column":43}},"7":{"start":{"line":8,"column":0},"end":{"line":8,"column":46}},"8":{"start":{"line":9,"column":0},"end":{"line":9,"column":41}},"9":{"start":{"line":10,"column":0},"end":{"line":10,"column":29}},"10":{"start":{"line":11,"column":0},"end":{"line":11,"column":10}},"11":{"start":{"line":12,"column":0},"end":{"line":12,"column":19}},"12":{"start":{"line":13,"column":0},"end":{"line":13,"column":36}},"13":{"start":{"line":14,"column":0},"end":{"line":14,"column":19}},"14":{"start":{"line":15,"column":0},"end":{"line":15,"column":15}},"15":{"start":{"line":16,"column":0},"end":{"line":16,"column":20}},"17":{"start":{"line":18,"column":0},"end":{"line":18,"column":2}},"19":{"start":{"line":20,"column":0},"end":{"line":20,"column":19}}},"s":{"0":1,"4":1,"5":1,"6":1,"7":1,"8":1,"9":1,"10":2,"11":2,"12":2,"13":2,"14":2,"15":2,"17":2,"19":1},"branchMap":{"0":{"type":"branch","line":10,"loc":{"start":{"line":10,"column":22},"end":{"line":18,"column":2}},"locations":[{"start":{"line":10,"column":22},"end":{"line":18,"column":2}}]}},"b":{"0":[2]},"fnMap":{"0":{"name":"App","decl":{"start":{"line":10,"column":22},"end":{"line":18,"column":2}},"loc":{"start":{"line":10,"column":22},"end":{"line":18,"column":2}},"line":10}},"f":{"0":2}}
,"C:\\Users\\akkati_sreeja\\Desktop\\TR-S1\\travel-final\\src\\main.tsx": {"path":"C:\\Users\\akkati_sreeja\\Desktop\\TR-S1\\travel-final\\src\\main.tsx","all":true,"statementMap":{"0":{"start":{"line":1,"column":0},"end":{"line":1,"column":34}},"1":{"start":{"line":2,"column":0},"end":{"line":2,"column":45}},"2":{"start":{"line":3,"column":0},"end":{"line":3,"column":23}},"3":{"start":{"line":4,"column":0},"end":{"line":4,"column":20}},"5":{"start":{"line":6,"column":0},"end":{"line":6,"column":52}},"6":{"start":{"line":7,"column":0},"end":{"line":7,"column":14}},"7":{"start":{"line":8,"column":0},"end":{"line":8,"column":11}},"8":{"start":{"line":9,"column":0},"end":{"line":9,"column":16}},"9":{"start":{"line":10,"column":0},"end":{"line":10,"column":1}}},"s":{"0":0,"1":0,"2":0,"3":0,"5":0,"6":0,"7":0,"8":0,"9":0},"branchMap":{"0":{"type":"branch","line":1,"loc":{"start":{"line":1,"column":234},"end":{"line":10,"column":1}},"locations":[{"start":{"line":1,"column":234},"end":{"line":10,"column":1}}]}},"b":{"0":[0]},"fnMap":{"0":{"name":"(empty-report)","decl":{"start":{"line":1,"column":234},"end":{"line":10,"column":1}},"loc":{"start":{"line":1,"column":234},"end":{"line":10,"column":1}},"line":1}},"f":{"0":0}}
,"C:\\Users\\akkati_sreeja\\Desktop\\TR-S1\\travel-final\\src\\types.ts": {"path":"C:\\Users\\akkati_sreeja\\Desktop\\TR-S1\\travel-final\\src\\types.ts","all":true,"statementMap":{},"s":{},"branchMap":{"0":{"type":"branch","line":1,"loc":{"start":{"line":1,"column":868},"end":{"line":39,"column":3}},"locations":[{"start":{"line":1,"column":868},"end":{"line":39,"column":3}}]}},"b":{"0":[1]},"fnMap":{"0":{"name":"(empty-report)","decl":{"start":{"line":1,"column":868},"end":{"line":39,"column":3}},"loc":{"start":{"line":1,"column":868},"end":{"line":39,"column":3}},"line":1}},"f":{"0":1}}
,"C:\\Users\\akkati_sreeja\\Desktop\\TR-S1\\travel-final\\src\\api\\DestinationServices.ts": {"path":"C:\\Users\\akkati_sreeja\\Desktop\\TR-S1\\travel-final\\src\\api\\DestinationServices.ts","all":false,"statementMap":{"4":{"start":{"line":5,"column":0},"end":{"line":5,"column":45}},"7":{"start":{"line":8,"column":0},"end":{"line":8,"column":55}},"8":{"start":{"line":9,"column":0},"end":{"line":9,"column":7}},"9":{"start":{"line":10,"column":0},"end":{"line":10,"column":38}},"11":{"start":{"line":12,"column":0},"end":{"line":12,"column":23}},"12":{"start":{"line":13,"column":0},"end":{"line":13,"column":60}},"13":{"start":{"line":14,"column":0},"end":{"line":14,"column":85}},"14":{"start":{"line":15,"column":0},"end":{"line":15,"column":42}},"15":{"start":{"line":16,"column":0},"end":{"line":16,"column":85}},"16":{"start":{"line":17,"column":0},"end":{"line":17,"column":7}},"17":{"start":{"line":18,"column":0},"end":{"line":18,"column":5}},"19":{"start":{"line":20,"column":0},"end":{"line":20,"column":39}},"22":{"start":{"line":23,"column":0},"end":{"line":23,"column":30}},"23":{"start":{"line":24,"column":0},"end":{"line":24,"column":59}},"24":{"start":{"line":25,"column":0},"end":{"line":25,"column":5}},"26":{"start":{"line":27,"column":0},"end":{"line":27,"column":22}},"27":{"start":{"line":28,"column":0},"end":{"line":28,"column":19}},"28":{"start":{"line":29,"column":0},"end":{"line":29,"column":73}},"29":{"start":{"line":30,"column":0},"end":{"line":30,"column":16}},"30":{"start":{"line":31,"column":0},"end":{"line":31,"column":3}},"31":{"start":{"line":32,"column":0},"end":{"line":32,"column":1}},"36":{"start":{"line":37,"column":0},"end":{"line":37,"column":66}},"37":{"start":{"line":38,"column":0},"end":{"line":38,"column":40}},"39":{"start":{"line":40,"column":0},"end":{"line":40,"column":47}},"40":{"start":{"line":41,"column":0},"end":{"line":41,"column":1}},"44":{"start":{"line":45,"column":0},"end":{"line":45,"column":103}},"45":{"start":{"line":46,"column":0},"end":{"line":46,"column":50}},"47":{"start":{"line":48,"column":0},"end":{"line":48,"column":80}},"48":{"start":{"line":49,"column":0},"end":{"line":49,"column":1}},"51":{"start":{"line":52,"column":0},"end":{"line":52,"column":124}},"52":{"start":{"line":53,"column":0},"end":{"line":53,"column":80}},"54":{"start":{"line":55,"column":0},"end":{"line":55,"column":98}},"55":{"start":{"line":56,"column":0},"end":{"line":56,"column":1}}},"s":{"4":1,"7":9,"8":9,"9":9,"11":7,"12":2,"13":2,"14":2,"15":0,"16":0,"17":2,"19":5,"22":9,"23":0,"24":0,"26":5,"27":9,"28":2,"29":2,"30":2,"31":9,"36":7,"37":7,"39":7,"40":7,"44":1,"45":1,"47":1,"48":1,"51":1,"52":1,"54":1,"55":1},"branchMap":{"0":{"type":"branch","line":8,"loc":{"start":{"line":8,"column":0},"end":{"line":32,"column":1}},"locations":[{"start":{"line":8,"column":0},"end":{"line":32,"column":1}}]},"1":{"type":"branch","line":10,"loc":{"start":{"line":10,"column":36},"end":{"line":23,"column":29}},"locations":[{"start":{"line":10,"column":36},"end":{"line":23,"column":29}}]},"2":{"type":"branch","line":12,"loc":{"start":{"line":12,"column":22},"end":{"line":18,"column":5}},"locations":[{"start":{"line":12,"column":22},"end":{"line":18,"column":5}}]},"3":{"type":"branch","line":15,"loc":{"start":{"line":15,"column":6},"end":{"line":17,"column":7}},"locations":[{"start":{"line":15,"column":6},"end":{"line":17,"column":7}}]},"4":{"type":"branch","line":18,"loc":{"start":{"line":18,"column":4},"end":{"line":23,"column":29}},"locations":[{"start":{"line":18,"column":4},"end":{"line":23,"column":29}}]},"5":{"type":"branch","line":23,"loc":{"start":{"line":23,"column":29},"end":{"line":27,"column":22}},"locations":[{"start":{"line":23,"column":29},"end":{"line":27,"column":22}}]},"6":{"type":"branch","line":23,"loc":{"start":{"line":23,"column":29},"end":{"line":25,"column":5}},"locations":[{"start":{"line":23,"column":29},"end":{"line":25,"column":5}}]},"7":{"type":"branch","line":25,"loc":{"start":{"line":25,"column":4},"end":{"line":27,"column":22}},"locations":[{"start":{"line":25,"column":4},"end":{"line":27,"column":22}}]},"8":{"type":"branch","line":28,"loc":{"start":{"line":28,"column":2},"end":{"line":31,"column":3}},"locations":[{"start":{"line":28,"column":2},"end":{"line":31,"column":3}}]},"9":{"type":"branch","line":37,"loc":{"start":{"line":37,"column":0},"end":{"line":41,"column":1}},"locations":[{"start":{"line":37,"column":0},"end":{"line":41,"column":1}}]},"10":{"type":"branch","line":45,"loc":{"start":{"line":45,"column":0},"end":{"line":49,"column":1}},"locations":[{"start":{"line":45,"column":0},"end":{"line":49,"column":1}}]},"11":{"type":"branch","line":52,"loc":{"start":{"line":52,"column":0},"end":{"line":56,"column":1}},"locations":[{"start":{"line":52,"column":0},"end":{"line":56,"column":1}}]}},"b":{"0":[9],"1":[7],"2":[2],"3":[0],"4":[5],"5":[7],"6":[0],"7":[5],"8":[2],"9":[7],"10":[1],"11":[1]},"fnMap":{"0":{"name":"apiRequest","decl":{"start":{"line":8,"column":0},"end":{"line":32,"column":1}},"loc":{"start":{"line":8,"column":0},"end":{"line":32,"column":1}},"line":8},"1":{"name":"fetchCountries","decl":{"start":{"line":37,"column":0},"end":{"line":41,"column":1}},"loc":{"start":{"line":37,"column":0},"end":{"line":41,"column":1}},"line":37},"2":{"name":"fetchStatesByCountry","decl":{"start":{"line":45,"column":0},"end":{"line":49,"column":1}},"loc":{"start":{"line":45,"column":0},"end":{"line":49,"column":1}},"line":45},"3":{"name":"fetchDestinationsByState","decl":{"start":{"line":52,"column":0},"end":{"line":56,"column":1}},"loc":{"start":{"line":52,"column":0},"end":{"line":56,"column":1}},"line":52}},"f":{"0":9,"1":7,"2":1,"3":1}}
,"C:\\Users\\akkati_sreeja\\Desktop\\TR-S1\\travel-final\\src\\components\\NoData.tsx": {"path":"C:\\Users\\akkati_sreeja\\Desktop\\TR-S1\\travel-final\\src\\components\\NoData.tsx","all":false,"statementMap":{"0":{"start":{"line":1,"column":0},"end":{"line":1,"column":25}},"1":{"start":{"line":2,"column":0},"end":{"line":2,"column":38}},"2":{"start":{"line":3,"column":0},"end":{"line":3,"column":57}},"3":{"start":{"line":4,"column":0},"end":{"line":4,"column":35}},"9":{"start":{"line":10,"column":0},"end":{"line":10,"column":45}},"16":{"start":{"line":17,"column":0},"end":{"line":17,"column":33}},"17":{"start":{"line":18,"column":0},"end":{"line":18,"column":10}},"18":{"start":{"line":19,"column":0},"end":{"line":19,"column":21}},"19":{"start":{"line":20,"column":0},"end":{"line":20,"column":12}},"21":{"start":{"line":22,"column":0},"end":{"line":22,"column":17}},"22":{"start":{"line":23,"column":0},"end":{"line":23,"column":22}},"24":{"start":{"line":25,"column":0},"end":{"line":25,"column":1}},"26":{"start":{"line":27,"column":0},"end":{"line":27,"column":22}}},"s":{"0":1,"1":1,"2":1,"3":1,"9":1,"16":1,"17":13,"18":13,"19":13,"21":13,"22":13,"24":13,"26":1},"branchMap":{"0":{"type":"branch","line":17,"loc":{"start":{"line":17,"column":26},"end":{"line":25,"column":1}},"locations":[{"start":{"line":17,"column":26},"end":{"line":25,"column":1}}]}},"b":{"0":[13]},"fnMap":{"0":{"name":"NoData","decl":{"start":{"line":17,"column":26},"end":{"line":25,"column":1}},"loc":{"start":{"line":17,"column":26},"end":{"line":25,"column":1}},"line":17}},"f":{"0":13}}
,"C:\\Users\\akkati_sreeja\\Desktop\\TR-S1\\travel-final\\src\\components\\AboutUs\\index.tsx": {"path":"C:\\Users\\akkati_sreeja\\Desktop\\TR-S1\\travel-final\\src\\components\\AboutUs\\index.tsx","all":false,"statementMap":{"0":{"start":{"line":1,"column":0},"end":{"line":1,"column":26}},"1":{"start":{"line":2,"column":0},"end":{"line":2,"column":23}},"3":{"start":{"line":4,"column":0},"end":{"line":4,"column":33}},"4":{"start":{"line":5,"column":0},"end":{"line":5,"column":10}},"5":{"start":{"line":6,"column":0},"end":{"line":6,"column":34}},"6":{"start":{"line":7,"column":0},"end":{"line":7,"column":38}},"7":{"start":{"line":8,"column":0},"end":{"line":8,"column":174}},"8":{"start":{"line":9,"column":0},"end":{"line":9,"column":12}},"9":{"start":{"line":10,"column":0},"end":{"line":10,"column":40}},"10":{"start":{"line":11,"column":0},"end":{"line":11,"column":42}},"12":{"start":{"line":13,"column":0},"end":{"line":13,"column":13}},"13":{"start":{"line":14,"column":0},"end":{"line":14,"column":32}},"15":{"start":{"line":16,"column":0},"end":{"line":16,"column":12}},"17":{"start":{"line":18,"column":0},"end":{"line":18,"column":30}},"19":{"start":{"line":20,"column":0},"end":{"line":20,"column":12}},"20":{"start":{"line":21,"column":0},"end":{"line":21,"column":12}},"21":{"start":{"line":22,"column":0},"end":{"line":22,"column":14}},"23":{"start":{"line":24,"column":0},"end":{"line":24,"column":2}},"25":{"start":{"line":26,"column":0},"end":{"line":26,"column":23}}},"s":{"0":1,"1":1,"3":1,"4":10,"5":10,"6":10,"7":10,"8":10,"9":10,"10":10,"12":10,"13":10,"15":10,"17":10,"19":10,"20":10,"21":10,"23":10,"25":1},"branchMap":{"0":{"type":"branch","line":4,"loc":{"start":{"line":4,"column":26},"end":{"line":24,"column":2}},"locations":[{"start":{"line":4,"column":26},"end":{"line":24,"column":2}}]}},"b":{"0":[10]},"fnMap":{"0":{"name":"AboutUs","decl":{"start":{"line":4,"column":26},"end":{"line":24,"column":2}},"loc":{"start":{"line":4,"column":26},"end":{"line":24,"column":2}},"line":4}},"f":{"0":10}}
,"C:\\Users\\akkati_sreeja\\Desktop\\TR-S1\\travel-final\\src\\components\\Cards\\Cards.tsx": {"path":"C:\\Users\\akkati_sreeja\\Desktop\\TR-S1\\travel-final\\src\\components\\Cards\\Cards.tsx","all":false,"statementMap":{"0":{"start":{"line":1,"column":0},"end":{"line":1,"column":26}},"1":{"start":{"line":2,"column":0},"end":{"line":2,"column":21}},"5":{"start":{"line":6,"column":0},"end":{"line":6,"column":37}},"6":{"start":{"line":7,"column":0},"end":{"line":7,"column":5}},"7":{"start":{"line":8,"column":0},"end":{"line":8,"column":11}},"8":{"start":{"line":9,"column":0},"end":{"line":9,"column":12}},"9":{"start":{"line":10,"column":0},"end":{"line":10,"column":13}},"10":{"start":{"line":11,"column":0},"end":{"line":11,"column":10}},"11":{"start":{"line":12,"column":0},"end":{"line":12,"column":7}},"12":{"start":{"line":13,"column":0},"end":{"line":13,"column":10}},"13":{"start":{"line":14,"column":0},"end":{"line":14,"column":73}},"14":{"start":{"line":15,"column":0},"end":{"line":15,"column":73}},"15":{"start":{"line":16,"column":0},"end":{"line":16,"column":41}},"16":{"start":{"line":17,"column":0},"end":{"line":17,"column":94}},"17":{"start":{"line":18,"column":0},"end":{"line":18,"column":59}},"18":{"start":{"line":19,"column":0},"end":{"line":19,"column":12}},"19":{"start":{"line":20,"column":0},"end":{"line":20,"column":10}},"21":{"start":{"line":22,"column":0},"end":{"line":22,"column":2}},"22":{"start":{"line":23,"column":0},"end":{"line":23,"column":21}}},"s":{"0":1,"1":1,"5":1,"6":9,"7":9,"8":9,"9":9,"10":9,"11":9,"12":9,"13":9,"14":9,"15":9,"16":9,"17":9,"18":9,"19":9,"21":9,"22":1},"branchMap":{"0":{"type":"branch","line":6,"loc":{"start":{"line":6,"column":35},"end":{"line":22,"column":2}},"locations":[{"start":{"line":6,"column":35},"end":{"line":22,"column":2}}]},"1":{"type":"branch","line":17,"loc":{"start":{"line":17,"column":60},"end":{"line":17,"column":79}},"locations":[{"start":{"line":17,"column":60},"end":{"line":17,"column":79}}]},"2":{"type":"branch","line":17,"loc":{"start":{"line":17,"column":66},"end":{"line":17,"column":89}},"locations":[{"start":{"line":17,"column":66},"end":{"line":17,"column":89}}]},"3":{"type":"branch","line":14,"loc":{"start":{"line":14,"column":43},"end":{"line":14,"column":73}},"locations":[{"start":{"line":14,"column":43},"end":{"line":14,"column":73}}]}},"b":{"0":[9],"1":[8],"2":[1],"3":[3]},"fnMap":{"0":{"name":"Cards","decl":{"start":{"line":6,"column":35},"end":{"line":22,"column":2}},"loc":{"start":{"line":6,"column":35},"end":{"line":22,"column":2}},"line":6},"1":{"name":"onClick","decl":{"start":{"line":14,"column":43},"end":{"line":14,"column":73}},"loc":{"start":{"line":14,"column":43},"end":{"line":14,"column":73}},"line":14}},"f":{"0":9,"1":3}}
,"C:\\Users\\akkati_sreeja\\Desktop\\TR-S1\\travel-final\\src\\components\\Cards\\FlipCard.tsx": {"path":"C:\\Users\\akkati_sreeja\\Desktop\\TR-S1\\travel-final\\src\\components\\Cards\\FlipCard.tsx","all":false,"statementMap":{"0":{"start":{"line":1,"column":0},"end":{"line":1,"column":40}},"1":{"start":{"line":2,"column":0},"end":{"line":2,"column":54}},"11":{"start":{"line":12,"column":0},"end":{"line":12,"column":54}},"12":{"start":{"line":13,"column":0},"end":{"line":13,"column":11}},"13":{"start":{"line":14,"column":0},"end":{"line":14,"column":18}},"14":{"start":{"line":15,"column":0},"end":{"line":15,"column":14}},"15":{"start":{"line":16,"column":0},"end":{"line":16,"column":9}},"16":{"start":{"line":17,"column":0},"end":{"line":17,"column":7}},"17":{"start":{"line":18,"column":0},"end":{"line":18,"column":48}},"19":{"start":{"line":20,"column":0},"end":{"line":20,"column":28}},"20":{"start":{"line":21,"column":0},"end":{"line":21,"column":25}},"21":{"start":{"line":22,"column":0},"end":{"line":22,"column":4}},"23":{"start":{"line":24,"column":0},"end":{"line":24,"column":10}},"24":{"start":{"line":25,"column":0},"end":{"line":25,"column":8}},"25":{"start":{"line":26,"column":0},"end":{"line":26,"column":62}},"26":{"start":{"line":27,"column":0},"end":{"line":27,"column":26}},"28":{"start":{"line":29,"column":0},"end":{"line":29,"column":44}},"29":{"start":{"line":30,"column":0},"end":{"line":30,"column":46}},"30":{"start":{"line":31,"column":0},"end":{"line":31,"column":14}},"31":{"start":{"line":32,"column":0},"end":{"line":32,"column":44}},"32":{"start":{"line":33,"column":0},"end":{"line":33,"column":26}},"33":{"start":{"line":34,"column":0},"end":{"line":34,"column":33}},"34":{"start":{"line":35,"column":0},"end":{"line":35,"column":12}},"35":{"start":{"line":36,"column":0},"end":{"line":36,"column":49}},"36":{"start":{"line":37,"column":0},"end":{"line":37,"column":73}},"37":{"start":{"line":38,"column":0},"end":{"line":38,"column":16}},"38":{"start":{"line":39,"column":0},"end":{"line":39,"column":14}},"39":{"start":{"line":40,"column":0},"end":{"line":40,"column":45}},"40":{"start":{"line":41,"column":0},"end":{"line":41,"column":49}},"41":{"start":{"line":42,"column":0},"end":{"line":42,"column":73}},"42":{"start":{"line":43,"column":0},"end":{"line":43,"column":32}},"43":{"start":{"line":44,"column":0},"end":{"line":44,"column":35}},"44":{"start":{"line":45,"column":0},"end":{"line":45,"column":16}},"45":{"start":{"line":46,"column":0},"end":{"line":46,"column":14}},"46":{"start":{"line":47,"column":0},"end":{"line":47,"column":12}},"47":{"start":{"line":48,"column":0},"end":{"line":48,"column":10}},"49":{"start":{"line":50,"column":0},"end":{"line":50,"column":2}},"51":{"start":{"line":52,"column":0},"end":{"line":52,"column":29}}},"s":{"0":1,"1":1,"11":1,"12":8,"13":8,"14":8,"15":8,"16":8,"17":8,"19":8,"20":3,"21":3,"23":8,"24":8,"25":8,"26":8,"28":8,"29":8,"30":8,"31":8,"32":8,"33":8,"34":8,"35":8,"36":8,"37":8,"38":8,"39":8,"40":8,"41":8,"42":8,"43":8,"44":8,"45":8,"46":8,"47":8,"49":8,"51":1},"branchMap":{"0":{"type":"branch","line":12,"loc":{"start":{"line":12,"column":52},"end":{"line":50,"column":2}},"locations":[{"start":{"line":12,"column":52},"end":{"line":50,"column":2}}]},"1":{"type":"branch","line":26,"loc":{"start":{"line":26,"column":35},"end":{"line":26,"column":57}},"locations":[{"start":{"line":26,"column":35},"end":{"line":26,"column":57}}]},"2":{"type":"branch","line":26,"loc":{"start":{"line":26,"column":45},"end":{"line":26,"column":59}},"locations":[{"start":{"line":26,"column":45},"end":{"line":26,"column":59}}]},"3":{"type":"branch","line":20,"loc":{"start":{"line":20,"column":21},"end":{"line":22,"column":4}},"locations":[{"start":{"line":20,"column":21},"end":{"line":22,"column":4}}]}},"b":{"0":[8],"1":[2],"2":[6],"3":[3]},"fnMap":{"0":{"name":"FlippableCard","decl":{"start":{"line":12,"column":52},"end":{"line":50,"column":2}},"loc":{"start":{"line":12,"column":52},"end":{"line":50,"column":2}},"line":12},"1":{"name":"handleFlip","decl":{"start":{"line":20,"column":21},"end":{"line":22,"column":4}},"loc":{"start":{"line":20,"column":21},"end":{"line":22,"column":4}},"line":20}},"f":{"0":8,"1":3}}
,"C:\\Users\\akkati_sreeja\\Desktop\\TR-S1\\travel-final\\src\\components\\Footer\\index.tsx": {"path":"C:\\Users\\akkati_sreeja\\Desktop\\TR-S1\\travel-final\\src\\components\\Footer\\index.tsx","all":false,"statementMap":{"0":{"start":{"line":1,"column":0},"end":{"line":1,"column":26}},"1":{"start":{"line":2,"column":0},"end":{"line":2,"column":65}},"2":{"start":{"line":3,"column":0},"end":{"line":3,"column":114}},"3":{"start":{"line":4,"column":0},"end":{"line":4,"column":21}},"5":{"start":{"line":6,"column":0},"end":{"line":6,"column":22}},"6":{"start":{"line":7,"column":0},"end":{"line":7,"column":10}},"7":{"start":{"line":8,"column":0},"end":{"line":8,"column":33}},"8":{"start":{"line":9,"column":0},"end":{"line":9,"column":40}},"10":{"start":{"line":11,"column":0},"end":{"line":11,"column":37}},"11":{"start":{"line":12,"column":0},"end":{"line":12,"column":56}},"12":{"start":{"line":13,"column":0},"end":{"line":13,"column":76}},"13":{"start":{"line":14,"column":0},"end":{"line":14,"column":44}},"15":{"start":{"line":16,"column":0},"end":{"line":16,"column":77}},"16":{"start":{"line":17,"column":0},"end":{"line":17,"column":42}},"17":{"start":{"line":18,"column":0},"end":{"line":18,"column":111}},"18":{"start":{"line":19,"column":0},"end":{"line":19,"column":113}},"19":{"start":{"line":20,"column":0},"end":{"line":20,"column":107}},"20":{"start":{"line":21,"column":0},"end":{"line":21,"column":107}},"21":{"start":{"line":22,"column":0},"end":{"line":22,"column":114}},"22":{"start":{"line":23,"column":0},"end":{"line":23,"column":18}},"24":{"start":{"line":25,"column":0},"end":{"line":25,"column":129}},"25":{"start":{"line":26,"column":0},"end":{"line":26,"column":16}},"26":{"start":{"line":27,"column":0},"end":{"line":27,"column":14}},"29":{"start":{"line":30,"column":0},"end":{"line":30,"column":37}},"31":{"start":{"line":32,"column":0},"end":{"line":32,"column":53}},"32":{"start":{"line":33,"column":0},"end":{"line":33,"column":81}},"33":{"start":{"line":34,"column":0},"end":{"line":34,"column":41}},"34":{"start":{"line":35,"column":0},"end":{"line":35,"column":36}},"35":{"start":{"line":36,"column":0},"end":{"line":36,"column":29}},"36":{"start":{"line":37,"column":0},"end":{"line":37,"column":37}},"37":{"start":{"line":38,"column":0},"end":{"line":38,"column":32}},"38":{"start":{"line":39,"column":0},"end":{"line":39,"column":30}},"40":{"start":{"line":41,"column":0},"end":{"line":41,"column":17}},"41":{"start":{"line":42,"column":0},"end":{"line":42,"column":16}},"44":{"start":{"line":45,"column":0},"end":{"line":45,"column":51}},"45":{"start":{"line":46,"column":0},"end":{"line":46,"column":78}},"46":{"start":{"line":47,"column":0},"end":{"line":47,"column":39}},"47":{"start":{"line":48,"column":0},"end":{"line":48,"column":33}},"48":{"start":{"line":49,"column":0},"end":{"line":49,"column":31}},"49":{"start":{"line":50,"column":0},"end":{"line":50,"column":28}},"50":{"start":{"line":51,"column":0},"end":{"line":51,"column":30}},"51":{"start":{"line":52,"column":0},"end":{"line":52,"column":33}},"53":{"start":{"line":54,"column":0},"end":{"line":54,"column":17}},"54":{"start":{"line":55,"column":0},"end":{"line":55,"column":16}},"55":{"start":{"line":56,"column":0},"end":{"line":56,"column":14}},"56":{"start":{"line":57,"column":0},"end":{"line":57,"column":12}},"57":{"start":{"line":58,"column":0},"end":{"line":58,"column":13}},"59":{"start":{"line":60,"column":0},"end":{"line":60,"column":2}},"61":{"start":{"line":62,"column":0},"end":{"line":62,"column":22}}},"s":{"0":1,"1":1,"2":1,"3":1,"5":1,"6":6,"7":6,"8":6,"10":6,"11":6,"12":6,"13":6,"15":6,"16":6,"17":6,"18":6,"19":6,"20":6,"21":6,"22":6,"24":6,"25":6,"26":6,"29":6,"31":6,"32":6,"33":6,"34":6,"35":6,"36":6,"37":6,"38":6,"40":6,"41":6,"44":6,"45":6,"46":6,"47":6,"48":6,"49":6,"50":6,"51":6,"53":6,"54":6,"55":6,"56":6,"57":6,"59":6,"61":1},"branchMap":{"0":{"type":"branch","line":6,"loc":{"start":{"line":6,"column":15},"end":{"line":60,"column":2}},"locations":[{"start":{"line":6,"column":15},"end":{"line":60,"column":2}}]}},"b":{"0":[6]},"fnMap":{"0":{"name":"Footer","decl":{"start":{"line":6,"column":15},"end":{"line":60,"column":2}},"loc":{"start":{"line":6,"column":15},"end":{"line":60,"column":2}},"line":6}},"f":{"0":6}}
,"C:\\Users\\akkati_sreeja\\Desktop\\TR-S1\\travel-final\\src\\components\\Hero\\Hero.tsx": {"path":"C:\\Users\\akkati_sreeja\\Desktop\\TR-S1\\travel-final\\src\\components\\Hero\\Hero.tsx","all":false,"statementMap":{"0":{"start":{"line":1,"column":0},"end":{"line":1,"column":31}},"2":{"start":{"line":3,"column":0},"end":{"line":3,"column":20}},"8":{"start":{"line":9,"column":0},"end":{"line":9,"column":57}},"10":{"start":{"line":11,"column":0},"end":{"line":11,"column":10}},"11":{"start":{"line":12,"column":0},"end":{"line":12,"column":36}},"12":{"start":{"line":13,"column":0},"end":{"line":13,"column":37}},"13":{"start":{"line":14,"column":0},"end":{"line":14,"column":78}},"14":{"start":{"line":15,"column":0},"end":{"line":15,"column":12}},"15":{"start":{"line":16,"column":0},"end":{"line":16,"column":49}},"16":{"start":{"line":17,"column":0},"end":{"line":17,"column":12}},"17":{"start":{"line":18,"column":0},"end":{"line":18,"column":21}},"18":{"start":{"line":19,"column":0},"end":{"line":19,"column":42}},"20":{"start":{"line":21,"column":0},"end":{"line":21,"column":14}},"21":{"start":{"line":22,"column":0},"end":{"line":22,"column":35}},"22":{"start":{"line":23,"column":0},"end":{"line":23,"column":33}},"23":{"start":{"line":24,"column":0},"end":{"line":24,"column":34}},"24":{"start":{"line":25,"column":0},"end":{"line":25,"column":12}},"25":{"start":{"line":26,"column":0},"end":{"line":26,"column":44}},"26":{"start":{"line":27,"column":0},"end":{"line":27,"column":44}},"27":{"start":{"line":28,"column":0},"end":{"line":28,"column":16}},"28":{"start":{"line":29,"column":0},"end":{"line":29,"column":14}},"29":{"start":{"line":30,"column":0},"end":{"line":30,"column":9}},"30":{"start":{"line":31,"column":0},"end":{"line":31,"column":10}},"32":{"start":{"line":33,"column":0},"end":{"line":33,"column":2}},"34":{"start":{"line":35,"column":0},"end":{"line":35,"column":20}}},"s":{"0":1,"2":1,"8":1,"10":9,"11":9,"12":9,"13":9,"14":9,"15":9,"16":27,"17":27,"18":27,"20":27,"21":27,"22":27,"23":27,"24":27,"25":27,"26":27,"27":27,"28":27,"29":9,"30":9,"32":9,"34":1},"branchMap":{"0":{"type":"branch","line":9,"loc":{"start":{"line":9,"column":34},"end":{"line":33,"column":2}},"locations":[{"start":{"line":9,"column":34},"end":{"line":33,"column":2}}]},"1":{"type":"branch","line":16,"loc":{"start":{"line":16,"column":24},"end":{"line":29,"column":14}},"locations":[{"start":{"line":16,"column":24},"end":{"line":29,"column":14}}]}},"b":{"0":[9],"1":[27]},"fnMap":{"0":{"name":"Hero","decl":{"start":{"line":9,"column":34},"end":{"line":33,"column":2}},"loc":{"start":{"line":9,"column":34},"end":{"line":33,"column":2}},"line":9}},"f":{"0":9}}
,"C:\\Users\\akkati_sreeja\\Desktop\\TR-S1\\travel-final\\src\\components\\Navbar\\index.tsx": {"path":"C:\\Users\\akkati_sreeja\\Desktop\\TR-S1\\travel-final\\src\\components\\Navbar\\index.tsx","all":false,"statementMap":{"0":{"start":{"line":1,"column":0},"end":{"line":1,"column":40}},"1":{"start":{"line":2,"column":0},"end":{"line":2,"column":40}},"2":{"start":{"line":3,"column":0},"end":{"line":3,"column":42}},"3":{"start":{"line":4,"column":0},"end":{"line":4,"column":41}},"4":{"start":{"line":5,"column":0},"end":{"line":5,"column":50}},"5":{"start":{"line":6,"column":0},"end":{"line":6,"column":47}},"6":{"start":{"line":7,"column":0},"end":{"line":7,"column":22}},"8":{"start":{"line":9,"column":0},"end":{"line":9,"column":32}},"9":{"start":{"line":10,"column":0},"end":{"line":10,"column":54}},"10":{"start":{"line":11,"column":0},"end":{"line":11,"column":33}},"12":{"start":{"line":13,"column":0},"end":{"line":13,"column":28}},"13":{"start":{"line":14,"column":0},"end":{"line":14,"column":31}},"14":{"start":{"line":15,"column":0},"end":{"line":15,"column":4}},"16":{"start":{"line":17,"column":0},"end":{"line":17,"column":10}},"17":{"start":{"line":18,"column":0},"end":{"line":18,"column":49}},"18":{"start":{"line":19,"column":0},"end":{"line":19,"column":35}},"19":{"start":{"line":20,"column":0},"end":{"line":20,"column":11}},"20":{"start":{"line":21,"column":0},"end":{"line":21,"column":33}},"21":{"start":{"line":22,"column":0},"end":{"line":22,"column":26}},"22":{"start":{"line":23,"column":0},"end":{"line":23,"column":26}},"23":{"start":{"line":24,"column":0},"end":{"line":24,"column":12}},"24":{"start":{"line":25,"column":0},"end":{"line":25,"column":9}},"25":{"start":{"line":26,"column":0},"end":{"line":26,"column":52}},"26":{"start":{"line":27,"column":0},"end":{"line":27,"column":13}},"27":{"start":{"line":28,"column":0},"end":{"line":28,"column":56}},"29":{"start":{"line":30,"column":0},"end":{"line":30,"column":14}},"30":{"start":{"line":31,"column":0},"end":{"line":31,"column":12}},"32":{"start":{"line":33,"column":0},"end":{"line":33,"column":76}},"33":{"start":{"line":34,"column":0},"end":{"line":34,"column":12}},"34":{"start":{"line":35,"column":0},"end":{"line":35,"column":23}},"35":{"start":{"line":36,"column":0},"end":{"line":36,"column":34}},"36":{"start":{"line":37,"column":0},"end":{"line":37,"column":48}},"37":{"start":{"line":38,"column":0},"end":{"line":38,"column":12}},"38":{"start":{"line":39,"column":0},"end":{"line":39,"column":66}},"39":{"start":{"line":40,"column":0},"end":{"line":40,"column":24}},"40":{"start":{"line":41,"column":0},"end":{"line":41,"column":17}},"42":{"start":{"line":43,"column":0},"end":{"line":43,"column":12}},"44":{"start":{"line":45,"column":0},"end":{"line":45,"column":67}},"45":{"start":{"line":46,"column":0},"end":{"line":46,"column":12}},"46":{"start":{"line":47,"column":0},"end":{"line":47,"column":47}},"47":{"start":{"line":48,"column":0},"end":{"line":48,"column":13}},"48":{"start":{"line":49,"column":0},"end":{"line":49,"column":12}},"49":{"start":{"line":50,"column":0},"end":{"line":50,"column":46}},"50":{"start":{"line":51,"column":0},"end":{"line":51,"column":13}},"51":{"start":{"line":52,"column":0},"end":{"line":52,"column":12}},"52":{"start":{"line":53,"column":0},"end":{"line":53,"column":55}},"53":{"start":{"line":54,"column":0},"end":{"line":54,"column":32}},"54":{"start":{"line":55,"column":0},"end":{"line":55,"column":17}},"55":{"start":{"line":56,"column":0},"end":{"line":56,"column":13}},"56":{"start":{"line":57,"column":0},"end":{"line":57,"column":11}},"57":{"start":{"line":58,"column":0},"end":{"line":58,"column":10}},"59":{"start":{"line":60,"column":0},"end":{"line":60,"column":2}},"61":{"start":{"line":62,"column":0},"end":{"line":62,"column":22}}},"s":{"0":1,"1":1,"2":1,"3":1,"4":1,"5":1,"6":1,"8":1,"9":10,"10":10,"12":10,"13":2,"14":2,"16":10,"17":10,"18":10,"19":10,"20":10,"21":10,"22":1,"23":1,"24":10,"25":10,"26":10,"27":10,"29":10,"30":10,"32":10,"33":10,"34":10,"35":10,"36":10,"37":10,"38":10,"39":10,"40":10,"42":10,"44":10,"45":10,"46":10,"47":10,"48":10,"49":10,"50":10,"51":10,"52":10,"53":10,"54":10,"55":10,"56":10,"57":10,"59":10,"61":1},"branchMap":{"0":{"type":"branch","line":9,"loc":{"start":{"line":9,"column":25},"end":{"line":60,"column":2}},"locations":[{"start":{"line":9,"column":25},"end":{"line":60,"column":2}}]},"1":{"type":"branch","line":33,"loc":{"start":{"line":33,"column":46},"end":{"line":33,"column":70}},"locations":[{"start":{"line":33,"column":46},"end":{"line":33,"column":70}}]},"2":{"type":"branch","line":33,"loc":{"start":{"line":33,"column":59},"end":{"line":33,"column":72}},"locations":[{"start":{"line":33,"column":59},"end":{"line":33,"column":72}}]},"3":{"type":"branch","line":45,"loc":{"start":{"line":45,"column":37},"end":{"line":45,"column":61}},"locations":[{"start":{"line":45,"column":37},"end":{"line":45,"column":61}}]},"4":{"type":"branch","line":45,"loc":{"start":{"line":45,"column":50},"end":{"line":45,"column":63}},"locations":[{"start":{"line":45,"column":50},"end":{"line":45,"column":63}}]},"5":{"type":"branch","line":13,"loc":{"start":{"line":13,"column":21},"end":{"line":15,"column":4}},"locations":[{"start":{"line":13,"column":21},"end":{"line":15,"column":4}}]},"6":{"type":"branch","line":22,"loc":{"start":{"line":22,"column":19},"end":{"line":24,"column":12}},"locations":[{"start":{"line":22,"column":19},"end":{"line":24,"column":12}}]}},"b":{"0":[10],"1":[1],"2":[9],"3":[1],"4":[9],"5":[2],"6":[1]},"fnMap":{"0":{"name":"Navbar","decl":{"start":{"line":9,"column":25},"end":{"line":60,"column":2}},"loc":{"start":{"line":9,"column":25},"end":{"line":60,"column":2}},"line":9},"1":{"name":"toggleMenu","decl":{"start":{"line":13,"column":21},"end":{"line":15,"column":4}},"loc":{"start":{"line":13,"column":21},"end":{"line":15,"column":4}},"line":13},"2":{"name":"onClick","decl":{"start":{"line":22,"column":19},"end":{"line":24,"column":12}},"loc":{"start":{"line":22,"column":19},"end":{"line":24,"column":12}},"line":22}},"f":{"0":10,"1":2,"2":1}}
,"C:\\Users\\akkati_sreeja\\Desktop\\TR-S1\\travel-final\\src\\images\\destinationImages.ts": {"path":"C:\\Users\\akkati_sreeja\\Desktop\\TR-S1\\travel-final\\src\\images\\destinationImages.ts","all":false,"statementMap":{"2":{"start":{"line":3,"column":0},"end":{"line":3,"column":29}},"3":{"start":{"line":4,"column":0},"end":{"line":4,"column":5}},"4":{"start":{"line":5,"column":0},"end":{"line":5,"column":33}},"5":{"start":{"line":6,"column":0},"end":{"line":6,"column":12}},"6":{"start":{"line":7,"column":0},"end":{"line":7,"column":185}},"7":{"start":{"line":8,"column":0},"end":{"line":8,"column":27}},"8":{"start":{"line":9,"column":0},"end":{"line":9,"column":57}},"9":{"start":{"line":10,"column":0},"end":{"line":10,"column":6}},"10":{"start":{"line":11,"column":0},"end":{"line":11,"column":5}},"11":{"start":{"line":12,"column":0},"end":{"line":12,"column":33}},"12":{"start":{"line":13,"column":0},"end":{"line":13,"column":12}},"13":{"start":{"line":14,"column":0},"end":{"line":14,"column":98}},"14":{"start":{"line":15,"column":0},"end":{"line":15,"column":27}},"15":{"start":{"line":16,"column":0},"end":{"line":16,"column":57}},"16":{"start":{"line":17,"column":0},"end":{"line":17,"column":6}},"17":{"start":{"line":18,"column":0},"end":{"line":18,"column":5}},"18":{"start":{"line":19,"column":0},"end":{"line":19,"column":33}},"19":{"start":{"line":20,"column":0},"end":{"line":20,"column":12}},"20":{"start":{"line":21,"column":0},"end":{"line":21,"column":103}},"21":{"start":{"line":22,"column":0},"end":{"line":22,"column":27}},"22":{"start":{"line":23,"column":0},"end":{"line":23,"column":57}},"23":{"start":{"line":24,"column":0},"end":{"line":24,"column":6}},"24":{"start":{"line":25,"column":0},"end":{"line":25,"column":4}}},"s":{"2":1,"3":1,"4":1,"5":1,"6":1,"7":1,"8":1,"9":1,"10":1,"11":1,"12":1,"13":1,"14":1,"15":1,"16":1,"17":1,"18":1,"19":1,"20":1,"21":1,"22":1,"23":1,"24":1},"branchMap":{},"b":{},"fnMap":{},"f":{}}
,"C:\\Users\\akkati_sreeja\\Desktop\\TR-S1\\travel-final\\src\\pages\\Destinations\\Countries.tsx": {"path":"C:\\Users\\akkati_sreeja\\Desktop\\TR-S1\\travel-final\\src\\pages\\Destinations\\Countries.tsx","all":false,"statementMap":{"0":{"start":{"line":1,"column":0},"end":{"line":1,"column":51}},"1":{"start":{"line":2,"column":0},"end":{"line":2,"column":63}},"2":{"start":{"line":3,"column":0},"end":{"line":3,"column":47}},"3":{"start":{"line":4,"column":0},"end":{"line":4,"column":49}},"4":{"start":{"line":5,"column":0},"end":{"line":5,"column":27}},"9":{"start":{"line":10,"column":0},"end":{"line":10,"column":33}},"10":{"start":{"line":11,"column":0},"end":{"line":11,"column":64}},"11":{"start":{"line":12,"column":0},"end":{"line":12,"column":58}},"12":{"start":{"line":13,"column":0},"end":{"line":13,"column":33}},"14":{"start":{"line":15,"column":0},"end":{"line":15,"column":19}},"15":{"start":{"line":16,"column":0},"end":{"line":16,"column":39}},"16":{"start":{"line":17,"column":0},"end":{"line":17,"column":11}},"17":{"start":{"line":18,"column":0},"end":{"line":18,"column":48}},"20":{"start":{"line":21,"column":0},"end":{"line":21,"column":32}},"21":{"start":{"line":22,"column":0},"end":{"line":22,"column":21}},"22":{"start":{"line":23,"column":0},"end":{"line":23,"column":46}},"23":{"start":{"line":24,"column":0},"end":{"line":24,"column":56}},"24":{"start":{"line":25,"column":0},"end":{"line":25,"column":7}},"25":{"start":{"line":26,"column":0},"end":{"line":26,"column":6}},"26":{"start":{"line":27,"column":0},"end":{"line":27,"column":20}},"27":{"start":{"line":28,"column":0},"end":{"line":28,"column":9}},"29":{"start":{"line":30,"column":0},"end":{"line":30,"column":64}},"31":{"start":{"line":32,"column":0},"end":{"line":32,"column":82}},"32":{"start":{"line":33,"column":0},"end":{"line":33,"column":4}},"34":{"start":{"line":35,"column":0},"end":{"line":35,"column":39}},"36":{"start":{"line":37,"column":0},"end":{"line":37,"column":10}},"37":{"start":{"line":38,"column":0},"end":{"line":38,"column":41}},"38":{"start":{"line":39,"column":0},"end":{"line":39,"column":40}},"39":{"start":{"line":40,"column":0},"end":{"line":40,"column":99}},"40":{"start":{"line":41,"column":0},"end":{"line":41,"column":12}},"41":{"start":{"line":42,"column":0},"end":{"line":42,"column":43}},"42":{"start":{"line":43,"column":0},"end":{"line":43,"column":22}},"43":{"start":{"line":44,"column":0},"end":{"line":44,"column":38}},"44":{"start":{"line":45,"column":0},"end":{"line":45,"column":18}},"45":{"start":{"line":46,"column":0},"end":{"line":46,"column":36}},"46":{"start":{"line":47,"column":0},"end":{"line":47,"column":37}},"47":{"start":{"line":48,"column":0},"end":{"line":48,"column":41}},"48":{"start":{"line":49,"column":0},"end":{"line":49,"column":45}},"49":{"start":{"line":50,"column":0},"end":{"line":50,"column":39}},"50":{"start":{"line":51,"column":0},"end":{"line":51,"column":14}},"51":{"start":{"line":52,"column":0},"end":{"line":52,"column":12}},"53":{"start":{"line":54,"column":0},"end":{"line":54,"column":39}},"55":{"start":{"line":56,"column":0},"end":{"line":56,"column":12}},"56":{"start":{"line":57,"column":0},"end":{"line":57,"column":10}},"58":{"start":{"line":59,"column":0},"end":{"line":59,"column":2}},"60":{"start":{"line":61,"column":0},"end":{"line":61,"column":23}}},"s":{"0":1,"1":1,"2":1,"3":1,"4":1,"9":1,"10":15,"11":15,"12":15,"14":15,"15":11,"16":11,"17":11,"20":8,"21":9,"22":1,"23":1,"24":1,"25":11,"26":11,"27":15,"29":15,"31":1,"32":1,"34":15,"36":13,"37":13,"38":13,"39":13,"40":13,"41":13,"42":13,"43":13,"44":3,"45":3,"46":3,"47":3,"48":3,"49":3,"50":3,"51":13,"53":0,"55":15,"56":15,"58":15,"60":1},"branchMap":{"0":{"type":"branch","line":10,"loc":{"start":{"line":10,"column":26},"end":{"line":59,"column":2}},"locations":[{"start":{"line":10,"column":26},"end":{"line":59,"column":2}}]},"1":{"type":"branch","line":35,"loc":{"start":{"line":35,"column":13},"end":{"line":35,"column":39}},"locations":[{"start":{"line":35,"column":13},"end":{"line":35,"column":39}}]},"2":{"type":"branch","line":35,"loc":{"start":{"line":35,"column":32},"end":{"line":52,"column":12}},"locations":[{"start":{"line":35,"column":32},"end":{"line":52,"column":12}}]},"3":{"type":"branch","line":52,"loc":{"start":{"line":52,"column":11},"end":{"line":54,"column":39}},"locations":[{"start":{"line":52,"column":11},"end":{"line":54,"column":39}}]},"4":{"type":"branch","line":15,"loc":{"start":{"line":15,"column":12},"end":{"line":28,"column":5}},"locations":[{"start":{"line":15,"column":12},"end":{"line":28,"column":5}}]},"5":{"type":"branch","line":16,"loc":{"start":{"line":16,"column":26},"end":{"line":26,"column":6}},"locations":[{"start":{"line":16,"column":26},"end":{"line":26,"column":6}}]},"6":{"type":"branch","line":18,"loc":{"start":{"line":18,"column":46},"end":{"line":25,"column":7}},"locations":[{"start":{"line":18,"column":46},"end":{"line":25,"column":7}}]},"7":{"type":"branch","line":18,"loc":{"start":{"line":18,"column":46},"end":{"line":22,"column":15}},"locations":[{"start":{"line":18,"column":46},"end":{"line":22,"column":15}}]},"8":{"type":"branch","line":22,"loc":{"start":{"line":22,"column":6},"end":{"line":25,"column":7}},"locations":[{"start":{"line":22,"column":6},"end":{"line":25,"column":7}}]},"9":{"type":"branch","line":30,"loc":{"start":{"line":30,"column":26},"end":{"line":33,"column":4}},"locations":[{"start":{"line":30,"column":26},"end":{"line":33,"column":4}}]},"10":{"type":"branch","line":44,"loc":{"start":{"line":44,"column":24},"end":{"line":51,"column":14}},"locations":[{"start":{"line":44,"column":24},"end":{"line":51,"column":14}}]}},"b":{"0":[15],"1":[1],"2":[13],"3":[0],"4":[11],"5":[11],"6":[9],"7":[8],"8":[1],"9":[1],"10":[3]},"fnMap":{"0":{"name":"Country","decl":{"start":{"line":10,"column":26},"end":{"line":59,"column":2}},"loc":{"start":{"line":10,"column":26},"end":{"line":59,"column":2}},"line":10},"1":{"name":"loadCountries","decl":{"start":{"line":16,"column":26},"end":{"line":26,"column":6}},"loc":{"start":{"line":16,"column":26},"end":{"line":26,"column":6}},"line":16},"2":{"name":"handleCardClick","decl":{"start":{"line":30,"column":26},"end":{"line":33,"column":4}},"loc":{"start":{"line":30,"column":26},"end":{"line":33,"column":4}},"line":30}},"f":{"0":15,"1":11,"2":1}}
,"C:\\Users\\akkati_sreeja\\Desktop\\TR-S1\\travel-final\\src\\pages\\Destinations\\Destinations.tsx": {"path":"C:\\Users\\akkati_sreeja\\Desktop\\TR-S1\\travel-final\\src\\pages\\Destinations\\Destinations.tsx","all":false,"statementMap":{"0":{"start":{"line":1,"column":0},"end":{"line":1,"column":51}},"1":{"start":{"line":2,"column":0},"end":{"line":2,"column":58}},"2":{"start":{"line":3,"column":0},"end":{"line":3,"column":60}},"3":{"start":{"line":4,"column":0},"end":{"line":4,"column":27}},"4":{"start":{"line":5,"column":0},"end":{"line":5,"column":73}},"5":{"start":{"line":6,"column":0},"end":{"line":6,"column":45}},"17":{"start":{"line":18,"column":0},"end":{"line":18,"column":38}},"18":{"start":{"line":19,"column":0},"end":{"line":19,"column":55}},"19":{"start":{"line":20,"column":0},"end":{"line":20,"column":33}},"20":{"start":{"line":21,"column":0},"end":{"line":21,"column":58}},"21":{"start":{"line":22,"column":0},"end":{"line":22,"column":58}},"22":{"start":{"line":23,"column":0},"end":{"line":23,"column":46}},"24":{"start":{"line":25,"column":0},"end":{"line":25,"column":19}},"25":{"start":{"line":26,"column":0},"end":{"line":26,"column":18}},"26":{"start":{"line":27,"column":0},"end":{"line":27,"column":45}},"27":{"start":{"line":28,"column":0},"end":{"line":28,"column":13}},"28":{"start":{"line":29,"column":0},"end":{"line":29,"column":67}},"29":{"start":{"line":30,"column":0},"end":{"line":30,"column":83}},"30":{"start":{"line":31,"column":0},"end":{"line":31,"column":44}},"31":{"start":{"line":32,"column":0},"end":{"line":32,"column":23}},"32":{"start":{"line":33,"column":0},"end":{"line":33,"column":37}},"33":{"start":{"line":34,"column":0},"end":{"line":34,"column":34}},"34":{"start":{"line":35,"column":0},"end":{"line":35,"column":18}},"35":{"start":{"line":36,"column":0},"end":{"line":36,"column":54}},"36":{"start":{"line":37,"column":0},"end":{"line":37,"column":11}},"37":{"start":{"line":38,"column":0},"end":{"line":38,"column":9}},"38":{"start":{"line":39,"column":0},"end":{"line":39,"column":8}},"40":{"start":{"line":41,"column":0},"end":{"line":41,"column":26}},"41":{"start":{"line":42,"column":0},"end":{"line":42,"column":12}},"42":{"start":{"line":43,"column":0},"end":{"line":43,"column":38}},"43":{"start":{"line":44,"column":0},"end":{"line":44,"column":5}},"44":{"start":{"line":45,"column":0},"end":{"line":45,"column":16}},"46":{"start":{"line":47,"column":0},"end":{"line":47,"column":14}},"47":{"start":{"line":48,"column":0},"end":{"line":48,"column":22}},"48":{"start":{"line":49,"column":0},"end":{"line":49,"column":3}},"50":{"start":{"line":51,"column":0},"end":{"line":51,"column":10}},"51":{"start":{"line":52,"column":0},"end":{"line":52,"column":44}},"52":{"start":{"line":53,"column":0},"end":{"line":53,"column":40}},"53":{"start":{"line":54,"column":0},"end":{"line":54,"column":32}},"54":{"start":{"line":55,"column":0},"end":{"line":55,"column":40}},"55":{"start":{"line":56,"column":0},"end":{"line":56,"column":59}},"56":{"start":{"line":57,"column":0},"end":{"line":57,"column":13}},"57":{"start":{"line":58,"column":0},"end":{"line":58,"column":12}},"58":{"start":{"line":59,"column":0},"end":{"line":59,"column":43}},"59":{"start":{"line":60,"column":0},"end":{"line":60,"column":30}},"60":{"start":{"line":61,"column":0},"end":{"line":61,"column":33}},"61":{"start":{"line":62,"column":0},"end":{"line":62,"column":26}},"62":{"start":{"line":63,"column":0},"end":{"line":63,"column":39}},"63":{"start":{"line":64,"column":0},"end":{"line":64,"column":38}},"64":{"start":{"line":65,"column":0},"end":{"line":65,"column":39}},"65":{"start":{"line":66,"column":0},"end":{"line":66,"column":53}},"66":{"start":{"line":67,"column":0},"end":{"line":67,"column":45}},"67":{"start":{"line":68,"column":0},"end":{"line":68,"column":35}},"68":{"start":{"line":69,"column":0},"end":{"line":69,"column":14}},"69":{"start":{"line":70,"column":0},"end":{"line":70,"column":12}},"71":{"start":{"line":72,"column":0},"end":{"line":72,"column":20}},"73":{"start":{"line":74,"column":0},"end":{"line":74,"column":12}},"74":{"start":{"line":75,"column":0},"end":{"line":75,"column":10}},"76":{"start":{"line":77,"column":0},"end":{"line":77,"column":2}},"78":{"start":{"line":79,"column":0},"end":{"line":79,"column":28}}},"s":{"0":1,"1":1,"2":1,"3":1,"4":1,"5":1,"17":1,"18":7,"19":7,"20":7,"21":7,"22":7,"24":7,"25":4,"26":4,"27":4,"28":4,"29":2,"30":4,"31":4,"32":2,"33":2,"34":2,"35":0,"36":0,"37":2,"38":4,"40":4,"41":4,"42":0,"43":0,"44":7,"46":7,"47":1,"48":1,"50":6,"51":6,"52":6,"53":6,"54":6,"55":6,"56":6,"57":6,"58":6,"59":6,"60":1,"61":2,"62":2,"63":2,"64":2,"65":2,"66":2,"67":2,"68":2,"69":1,"71":5,"73":7,"74":7,"76":7,"78":1},"branchMap":{"0":{"type":"branch","line":18,"loc":{"start":{"line":18,"column":31},"end":{"line":77,"column":2}},"locations":[{"start":{"line":18,"column":31},"end":{"line":77,"column":2}}]},"1":{"type":"branch","line":23,"loc":{"start":{"line":23,"column":29},"end":{"line":23,"column":46}},"locations":[{"start":{"line":23,"column":29},"end":{"line":23,"column":46}}]},"2":{"type":"branch","line":47,"loc":{"start":{"line":47,"column":13},"end":{"line":49,"column":3}},"locations":[{"start":{"line":47,"column":13},"end":{"line":49,"column":3}}]},"3":{"type":"branch","line":49,"loc":{"start":{"line":49,"column":2},"end":{"line":60,"column":30}},"locations":[{"start":{"line":49,"column":2},"end":{"line":60,"column":30}}]},"4":{"type":"branch","line":60,"loc":{"start":{"line":60,"column":25},"end":{"line":70,"column":12}},"locations":[{"start":{"line":60,"column":25},"end":{"line":70,"column":12}}]},"5":{"type":"branch","line":70,"loc":{"start":{"line":70,"column":11},"end":{"line":72,"column":20}},"locations":[{"start":{"line":70,"column":11},"end":{"line":72,"column":20}}]},"6":{"type":"branch","line":25,"loc":{"start":{"line":25,"column":12},"end":{"line":45,"column":5}},"locations":[{"start":{"line":25,"column":12},"end":{"line":45,"column":5}}]},"7":{"type":"branch","line":42,"loc":{"start":{"line":42,"column":4},"end":{"line":44,"column":5}},"locations":[{"start":{"line":42,"column":4},"end":{"line":44,"column":5}}]},"8":{"type":"branch","line":27,"loc":{"start":{"line":27,"column":32},"end":{"line":39,"column":8}},"locations":[{"start":{"line":27,"column":32},"end":{"line":39,"column":8}}]},"9":{"type":"branch","line":29,"loc":{"start":{"line":29,"column":65},"end":{"line":31,"column":42}},"locations":[{"start":{"line":29,"column":65},"end":{"line":31,"column":42}}]},"10":{"type":"branch","line":29,"loc":{"start":{"line":29,"column":65},"end":{"line":31,"column":40}},"locations":[{"start":{"line":29,"column":65},"end":{"line":31,"column":40}}]},"11":{"type":"branch","line":31,"loc":{"start":{"line":31,"column":29},"end":{"line":31,"column":42}},"locations":[{"start":{"line":31,"column":29},"end":{"line":31,"column":42}}]},"12":{"type":"branch","line":32,"loc":{"start":{"line":32,"column":8},"end":{"line":38,"column":9}},"locations":[{"start":{"line":32,"column":8},"end":{"line":38,"column":9}}]},"13":{"type":"branch","line":35,"loc":{"start":{"line":35,"column":10},"end":{"line":37,"column":11}},"locations":[{"start":{"line":35,"column":10},"end":{"line":37,"column":11}}]},"14":{"type":"branch","line":61,"loc":{"start":{"line":61,"column":21},"end":{"line":69,"column":14}},"locations":[{"start":{"line":61,"column":21},"end":{"line":69,"column":14}}]}},"b":{"0":[7],"1":[6],"2":[1],"3":[6],"4":[1],"5":[5],"6":[4],"7":[0],"8":[4],"9":[3],"10":[2],"11":[0],"12":[2],"13":[0],"14":[2]},"fnMap":{"0":{"name":"Destinations","decl":{"start":{"line":18,"column":31},"end":{"line":77,"column":2}},"loc":{"start":{"line":18,"column":31},"end":{"line":77,"column":2}},"line":18},"1":{"name":"fetchDestinations","decl":{"start":{"line":27,"column":32},"end":{"line":39,"column":8}},"loc":{"start":{"line":27,"column":32},"end":{"line":39,"column":8}},"line":27}},"f":{"0":7,"1":4}}
,"C:\\Users\\akkati_sreeja\\Desktop\\TR-S1\\travel-final\\src\\pages\\Destinations\\States.tsx": {"path":"C:\\Users\\akkati_sreeja\\Desktop\\TR-S1\\travel-final\\src\\pages\\Destinations\\States.tsx","all":false,"statementMap":{"0":{"start":{"line":1,"column":0},"end":{"line":1,"column":51}},"1":{"start":{"line":2,"column":0},"end":{"line":2,"column":71}},"2":{"start":{"line":3,"column":0},"end":{"line":3,"column":49}},"3":{"start":{"line":4,"column":0},"end":{"line":4,"column":69}},"4":{"start":{"line":5,"column":0},"end":{"line":5,"column":45}},"12":{"start":{"line":13,"column":0},"end":{"line":13,"column":32}},"13":{"start":{"line":14,"column":0},"end":{"line":14,"column":36}},"14":{"start":{"line":15,"column":0},"end":{"line":15,"column":33}},"15":{"start":{"line":16,"column":0},"end":{"line":16,"column":79}},"17":{"start":{"line":18,"column":0},"end":{"line":18,"column":52}},"18":{"start":{"line":19,"column":0},"end":{"line":19,"column":58}},"19":{"start":{"line":20,"column":0},"end":{"line":20,"column":33}},"21":{"start":{"line":22,"column":0},"end":{"line":22,"column":19}},"22":{"start":{"line":23,"column":0},"end":{"line":23,"column":20}},"23":{"start":{"line":24,"column":0},"end":{"line":24,"column":39}},"24":{"start":{"line":25,"column":0},"end":{"line":25,"column":13}},"25":{"start":{"line":26,"column":0},"end":{"line":26,"column":65}},"26":{"start":{"line":27,"column":0},"end":{"line":27,"column":83}},"29":{"start":{"line":30,"column":0},"end":{"line":30,"column":37}},"30":{"start":{"line":31,"column":0},"end":{"line":31,"column":23}},"31":{"start":{"line":32,"column":0},"end":{"line":32,"column":58}},"32":{"start":{"line":33,"column":0},"end":{"line":33,"column":53}},"33":{"start":{"line":34,"column":0},"end":{"line":34,"column":9}},"34":{"start":{"line":35,"column":0},"end":{"line":35,"column":8}},"35":{"start":{"line":36,"column":0},"end":{"line":36,"column":20}},"36":{"start":{"line":37,"column":0},"end":{"line":37,"column":12}},"37":{"start":{"line":38,"column":0},"end":{"line":38,"column":40}},"38":{"start":{"line":39,"column":0},"end":{"line":39,"column":5}},"39":{"start":{"line":40,"column":0},"end":{"line":40,"column":18}},"41":{"start":{"line":42,"column":0},"end":{"line":42,"column":62}},"43":{"start":{"line":44,"column":0},"end":{"line":44,"column":100}},"44":{"start":{"line":45,"column":0},"end":{"line":45,"column":4}},"46":{"start":{"line":47,"column":0},"end":{"line":47,"column":14}},"47":{"start":{"line":48,"column":0},"end":{"line":48,"column":21}},"48":{"start":{"line":49,"column":0},"end":{"line":49,"column":3}},"50":{"start":{"line":51,"column":0},"end":{"line":51,"column":10}},"51":{"start":{"line":52,"column":0},"end":{"line":52,"column":41}},"52":{"start":{"line":53,"column":0},"end":{"line":53,"column":40}},"53":{"start":{"line":54,"column":0},"end":{"line":54,"column":98}},"54":{"start":{"line":55,"column":0},"end":{"line":55,"column":12}},"55":{"start":{"line":56,"column":0},"end":{"line":56,"column":43}},"56":{"start":{"line":57,"column":0},"end":{"line":57,"column":30}},"57":{"start":{"line":58,"column":0},"end":{"line":58,"column":33}},"58":{"start":{"line":59,"column":0},"end":{"line":59,"column":18}},"59":{"start":{"line":60,"column":0},"end":{"line":60,"column":32}},"60":{"start":{"line":61,"column":0},"end":{"line":61,"column":33}},"61":{"start":{"line":62,"column":0},"end":{"line":62,"column":41}},"62":{"start":{"line":63,"column":0},"end":{"line":63,"column":39}},"63":{"start":{"line":64,"column":0},"end":{"line":64,"column":38}},"64":{"start":{"line":65,"column":0},"end":{"line":65,"column":39}},"65":{"start":{"line":66,"column":0},"end":{"line":66,"column":14}},"66":{"start":{"line":67,"column":0},"end":{"line":67,"column":12}},"68":{"start":{"line":69,"column":0},"end":{"line":69,"column":19}},"70":{"start":{"line":71,"column":0},"end":{"line":71,"column":12}},"71":{"start":{"line":72,"column":0},"end":{"line":72,"column":10}},"73":{"start":{"line":74,"column":0},"end":{"line":74,"column":2}},"75":{"start":{"line":76,"column":0},"end":{"line":76,"column":22}}},"s":{"0":1,"1":1,"2":1,"3":1,"4":1,"12":1,"13":9,"14":9,"15":9,"17":9,"18":9,"19":9,"21":9,"22":5,"23":5,"24":5,"25":5,"26":3,"29":5,"30":5,"31":2,"32":0,"33":2,"34":5,"35":5,"36":5,"37":0,"38":0,"39":9,"41":9,"43":1,"44":1,"46":9,"47":1,"48":1,"50":8,"51":8,"52":8,"53":8,"54":8,"55":8,"56":8,"57":2,"58":3,"59":3,"60":3,"61":3,"62":3,"63":3,"64":3,"65":3,"66":2,"68":6,"70":9,"71":9,"73":9,"75":1},"branchMap":{"0":{"type":"branch","line":13,"loc":{"start":{"line":13,"column":25},"end":{"line":74,"column":2}},"locations":[{"start":{"line":13,"column":25},"end":{"line":74,"column":2}}]},"1":{"type":"branch","line":16,"loc":{"start":{"line":16,"column":32},"end":{"line":16,"column":79}},"locations":[{"start":{"line":16,"column":32},"end":{"line":16,"column":79}}]},"2":{"type":"branch","line":47,"loc":{"start":{"line":47,"column":13},"end":{"line":49,"column":3}},"locations":[{"start":{"line":47,"column":13},"end":{"line":49,"column":3}}]},"3":{"type":"branch","line":49,"loc":{"start":{"line":49,"column":2},"end":{"line":57,"column":30}},"locations":[{"start":{"line":49,"column":2},"end":{"line":57,"column":30}}]},"4":{"type":"branch","line":57,"loc":{"start":{"line":57,"column":25},"end":{"line":67,"column":12}},"locations":[{"start":{"line":57,"column":25},"end":{"line":67,"column":12}}]},"5":{"type":"branch","line":67,"loc":{"start":{"line":67,"column":11},"end":{"line":69,"column":19}},"locations":[{"start":{"line":67,"column":11},"end":{"line":69,"column":19}}]},"6":{"type":"branch","line":22,"loc":{"start":{"line":22,"column":12},"end":{"line":40,"column":5}},"locations":[{"start":{"line":22,"column":12},"end":{"line":40,"column":5}}]},"7":{"type":"branch","line":37,"loc":{"start":{"line":37,"column":4},"end":{"line":39,"column":5}},"locations":[{"start":{"line":37,"column":4},"end":{"line":39,"column":5}}]},"8":{"type":"branch","line":24,"loc":{"start":{"line":24,"column":26},"end":{"line":35,"column":8}},"locations":[{"start":{"line":24,"column":26},"end":{"line":35,"column":8}}]},"9":{"type":"branch","line":26,"loc":{"start":{"line":26,"column":63},"end":{"line":30,"column":34}},"locations":[{"start":{"line":26,"column":63},"end":{"line":30,"column":34}}]},"10":{"type":"branch","line":26,"loc":{"start":{"line":26,"column":63},"end":{"line":30,"column":32}},"locations":[{"start":{"line":26,"column":63},"end":{"line":30,"column":32}}]},"11":{"type":"branch","line":30,"loc":{"start":{"line":30,"column":20},"end":{"line":30,"column":34}},"locations":[{"start":{"line":30,"column":20},"end":{"line":30,"column":34}}]},"12":{"type":"branch","line":31,"loc":{"start":{"line":31,"column":8},"end":{"line":34,"column":9}},"locations":[{"start":{"line":31,"column":8},"end":{"line":34,"column":9}}]},"13":{"type":"branch","line":32,"loc":{"start":{"line":32,"column":55},"end":{"line":33,"column":53}},"locations":[{"start":{"line":32,"column":55},"end":{"line":33,"column":53}}]},"14":{"type":"branch","line":42,"loc":{"start":{"line":42,"column":26},"end":{"line":45,"column":4}},"locations":[{"start":{"line":42,"column":26},"end":{"line":45,"column":4}}]},"15":{"type":"branch","line":58,"loc":{"start":{"line":58,"column":21},"end":{"line":66,"column":14}},"locations":[{"start":{"line":58,"column":21},"end":{"line":66,"column":14}}]}},"b":{"0":[9],"1":[8],"2":[1],"3":[8],"4":[2],"5":[6],"6":[5],"7":[0],"8":[5],"9":[4],"10":[3],"11":[0],"12":[2],"13":[0],"14":[1],"15":[3]},"fnMap":{"0":{"name":"States","decl":{"start":{"line":13,"column":25},"end":{"line":74,"column":2}},"loc":{"start":{"line":13,"column":25},"end":{"line":74,"column":2}},"line":13},"1":{"name":"fetchStates","decl":{"start":{"line":24,"column":26},"end":{"line":35,"column":8}},"loc":{"start":{"line":24,"column":26},"end":{"line":35,"column":8}},"line":24},"2":{"name":"handleCardClick","decl":{"start":{"line":42,"column":26},"end":{"line":45,"column":4}},"loc":{"start":{"line":42,"column":26},"end":{"line":45,"column":4}},"line":42}},"f":{"0":9,"1":5,"2":1}}
,"C:\\Users\\akkati_sreeja\\Desktop\\TR-S1\\travel-final\\src\\pages\\Homepage\\Homepage.tsx": {"path":"C:\\Users\\akkati_sreeja\\Desktop\\TR-S1\\travel-final\\src\\pages\\Homepage\\Homepage.tsx","all":false,"statementMap":{"0":{"start":{"line":1,"column":0},"end":{"line":1,"column":26}},"1":{"start":{"line":2,"column":0},"end":{"line":2,"column":46}},"2":{"start":{"line":3,"column":0},"end":{"line":3,"column":48}},"3":{"start":{"line":4,"column":0},"end":{"line":4,"column":47}},"4":{"start":{"line":5,"column":0},"end":{"line":5,"column":47}},"5":{"start":{"line":6,"column":0},"end":{"line":6,"column":81}},"6":{"start":{"line":7,"column":0},"end":{"line":7,"column":24}},"8":{"start":{"line":9,"column":0},"end":{"line":9,"column":34}},"9":{"start":{"line":10,"column":0},"end":{"line":10,"column":33}},"11":{"start":{"line":12,"column":0},"end":{"line":12,"column":10}},"12":{"start":{"line":13,"column":0},"end":{"line":13,"column":9}},"13":{"start":{"line":14,"column":0},"end":{"line":14,"column":42}},"14":{"start":{"line":15,"column":0},"end":{"line":15,"column":38}},"15":{"start":{"line":16,"column":0},"end":{"line":16,"column":31}},"17":{"start":{"line":18,"column":0},"end":{"line":18,"column":45}},"18":{"start":{"line":19,"column":0},"end":{"line":19,"column":58}},"19":{"start":{"line":20,"column":0},"end":{"line":20,"column":17}},"20":{"start":{"line":21,"column":0},"end":{"line":21,"column":46}},"21":{"start":{"line":22,"column":0},"end":{"line":22,"column":28}},"22":{"start":{"line":23,"column":0},"end":{"line":23,"column":37}},"23":{"start":{"line":24,"column":0},"end":{"line":24,"column":14}},"24":{"start":{"line":25,"column":0},"end":{"line":25,"column":11}},"26":{"start":{"line":27,"column":0},"end":{"line":27,"column":19}},"27":{"start":{"line":28,"column":0},"end":{"line":28,"column":14}},"28":{"start":{"line":29,"column":0},"end":{"line":29,"column":12}},"30":{"start":{"line":31,"column":0},"end":{"line":31,"column":18}},"31":{"start":{"line":32,"column":0},"end":{"line":32,"column":17}},"32":{"start":{"line":33,"column":0},"end":{"line":33,"column":10}},"34":{"start":{"line":35,"column":0},"end":{"line":35,"column":2}},"36":{"start":{"line":37,"column":0},"end":{"line":37,"column":24}}},"s":{"0":1,"1":1,"2":1,"3":1,"4":1,"5":1,"6":1,"8":1,"9":6,"11":6,"12":6,"13":6,"14":6,"15":6,"17":6,"18":6,"19":6,"20":6,"21":6,"22":1,"23":1,"24":6,"26":6,"27":6,"28":6,"30":6,"31":6,"32":6,"34":6,"36":1},"branchMap":{"0":{"type":"branch","line":9,"loc":{"start":{"line":9,"column":27},"end":{"line":35,"column":2}},"locations":[{"start":{"line":9,"column":27},"end":{"line":35,"column":2}}]},"1":{"type":"branch","line":22,"loc":{"start":{"line":22,"column":21},"end":{"line":24,"column":14}},"locations":[{"start":{"line":22,"column":21},"end":{"line":24,"column":14}}]}},"b":{"0":[6],"1":[1]},"fnMap":{"0":{"name":"Homepage","decl":{"start":{"line":9,"column":27},"end":{"line":35,"column":2}},"loc":{"start":{"line":9,"column":27},"end":{"line":35,"column":2}},"line":9},"1":{"name":"onClick","decl":{"start":{"line":22,"column":21},"end":{"line":24,"column":14}},"loc":{"start":{"line":22,"column":21},"end":{"line":24,"column":14}},"line":22}},"f":{"0":6,"1":1}}
,"C:\\Users\\akkati_sreeja\\Desktop\\TR-S1\\travel-final\\src\\pages\\NotFound\\PageNotFound.tsx": {"path":"C:\\Users\\akkati_sreeja\\Desktop\\TR-S1\\travel-final\\src\\pages\\NotFound\\PageNotFound.tsx","all":false,"statementMap":{"0":{"start":{"line":1,"column":0},"end":{"line":1,"column":26}},"1":{"start":{"line":2,"column":0},"end":{"line":2,"column":40}},"2":{"start":{"line":3,"column":0},"end":{"line":3,"column":59}},"3":{"start":{"line":4,"column":0},"end":{"line":4,"column":56}},"4":{"start":{"line":5,"column":0},"end":{"line":5,"column":27}},"5":{"start":{"line":6,"column":0},"end":{"line":6,"column":38}},"6":{"start":{"line":7,"column":0},"end":{"line":7,"column":10}},"7":{"start":{"line":8,"column":0},"end":{"line":8,"column":34}},"8":{"start":{"line":9,"column":0},"end":{"line":9,"column":33}},"9":{"start":{"line":10,"column":0},"end":{"line":10,"column":39}},"10":{"start":{"line":11,"column":0},"end":{"line":11,"column":65}},"11":{"start":{"line":12,"column":0},"end":{"line":12,"column":23}},"12":{"start":{"line":13,"column":0},"end":{"line":13,"column":74}},"13":{"start":{"line":14,"column":0},"end":{"line":14,"column":15}},"14":{"start":{"line":15,"column":0},"end":{"line":15,"column":12}},"15":{"start":{"line":16,"column":0},"end":{"line":16,"column":70}},"16":{"start":{"line":17,"column":0},"end":{"line":17,"column":14}},"18":{"start":{"line":19,"column":0},"end":{"line":19,"column":1}},"20":{"start":{"line":21,"column":0},"end":{"line":21,"column":28}}},"s":{"0":1,"1":1,"2":1,"3":1,"4":1,"5":1,"6":5,"7":5,"8":5,"9":5,"10":5,"11":5,"12":5,"13":5,"14":5,"15":5,"16":5,"18":5,"20":1},"branchMap":{"0":{"type":"branch","line":6,"loc":{"start":{"line":6,"column":31},"end":{"line":19,"column":1}},"locations":[{"start":{"line":6,"column":31},"end":{"line":19,"column":1}}]}},"b":{"0":[5]},"fnMap":{"0":{"name":"PageNotFound","decl":{"start":{"line":6,"column":31},"end":{"line":19,"column":1}},"loc":{"start":{"line":6,"column":31},"end":{"line":19,"column":1}},"line":6}},"f":{"0":5}}
,"C:\\Users\\akkati_sreeja\\Desktop\\TR-S1\\travel-final\\src\\routes\\AppRoutes.tsx": {"path":"C:\\Users\\akkati_sreeja\\Desktop\\TR-S1\\travel-final\\src\\routes\\AppRoutes.tsx","all":false,"statementMap":{"0":{"start":{"line":1,"column":0},"end":{"line":1,"column":26}},"1":{"start":{"line":2,"column":0},"end":{"line":2,"column":49}},"2":{"start":{"line":3,"column":0},"end":{"line":3,"column":56}},"3":{"start":{"line":4,"column":0},"end":{"line":4,"column":50}},"4":{"start":{"line":5,"column":0},"end":{"line":5,"column":51}},"5":{"start":{"line":6,"column":0},"end":{"line":6,"column":58}},"6":{"start":{"line":7,"column":0},"end":{"line":7,"column":62}},"9":{"start":{"line":10,"column":0},"end":{"line":10,"column":35}},"10":{"start":{"line":11,"column":0},"end":{"line":11,"column":10}},"11":{"start":{"line":12,"column":0},"end":{"line":12,"column":34}},"12":{"start":{"line":13,"column":0},"end":{"line":13,"column":14}},"13":{"start":{"line":14,"column":0},"end":{"line":14,"column":50}},"14":{"start":{"line":15,"column":0},"end":{"line":15,"column":59}},"16":{"start":{"line":17,"column":0},"end":{"line":17,"column":87}},"18":{"start":{"line":19,"column":0},"end":{"line":19,"column":108}},"20":{"start":{"line":21,"column":0},"end":{"line":21,"column":53}},"21":{"start":{"line":22,"column":0},"end":{"line":22,"column":15}},"22":{"start":{"line":23,"column":0},"end":{"line":23,"column":10}},"24":{"start":{"line":25,"column":0},"end":{"line":25,"column":2}},"26":{"start":{"line":27,"column":0},"end":{"line":27,"column":25}}},"s":{"0":1,"1":1,"2":1,"3":1,"4":1,"5":1,"6":1,"9":1,"10":7,"11":7,"12":7,"13":7,"14":7,"16":7,"18":7,"20":7,"21":7,"22":7,"24":7,"26":1},"branchMap":{"0":{"type":"branch","line":10,"loc":{"start":{"line":10,"column":28},"end":{"line":25,"column":2}},"locations":[{"start":{"line":10,"column":28},"end":{"line":25,"column":2}}]}},"b":{"0":[7]},"fnMap":{"0":{"name":"AppRoutes","decl":{"start":{"line":10,"column":28},"end":{"line":25,"column":2}},"loc":{"start":{"line":10,"column":28},"end":{"line":25,"column":2}},"line":10}},"f":{"0":7}}
}
